<?xml version="1.0" encoding="UTF-8"?>
<Site BuildName="(empty)"
	BuildStamp="20240606-0358-Experimental"
	Name="(empty)"
	Generator="ctest-3.29.4"
	CompilerName=""
	CompilerVersion=""
	OSName="macOS"
	Hostname="Thangs-MacBook-Pro.local"
	OSRelease="14.5"
	OSVersion="23F79"
	OSPlatform="arm64"
	Is64Bits="1"
	VendorString="IBM"
	VendorID="IBM"
	FamilyID="16777228"
	ModelID="2"
	ProcessorCacheSize="131072"
	NumberOfLogicalCPU="12"
	NumberOfPhysicalCPU="12"
	TotalVirtualMemory="1024"
	TotalPhysicalMemory="18432"
	LogicalProcessorsPerPhysical="12"
	ProcessorClockFrequency="0"
	>
	<Testing>
		<StartDateTime>Jun 05 20:58 PDT</StartDateTime>
		<StartTestTime>1717646329</StartTestTime>
		<TestList/>
		<EndDateTime>Jun 05 20:58 PDT</EndDateTime>
		<EndTestTime>1717646329</EndTestTime>
		<ElapsedMinutes>0</ElapsedMinutes>
	</Testing>
</Site>
